<?xml version="1.0" encoding="UTF-8"?>
<testsuite xmlns:xsi="http://www.w3.org/2001/XMLSchema-instance" xsi:schemaLocation="https://maven.apache.org/surefire/maven-surefire-plugin/xsd/surefire-test-report.xsd" name="runner.RunnerTest" time="7.439" tests="71" errors="0" skipped="0" failures="0">
  <properties>
[...]
</properties>
  <testcase name="Dado que o usuario gostaria de salvar um processo" classname="Cenário: Criação de novo processo - POST" time="0.002"/>
  <testcase name="E o o usuário informar o &quot;vara&quot; com o valor igual a &quot;5&quot;" classname="Cenário: Criação de novo processo - POST" time="0"/>
  <testcase name="E o o usuário informar o &quot;numero_processo&quot; com o valor igual a &quot;1985851&quot;" classname="Cenário: Criação de novo processo - POST" time="0"/>
  <testcase name="E o o usuário informar o &quot;natureza&quot; com o valor igual a &quot;Criminal&quot;" classname="Cenário: Criação de novo processo - POST" time="0"/>
  <testcase name="E o o usuário informar o &quot;partes&quot; com o valor igual a &quot;Renax X Thiago&quot;" classname="Cenário: Criação de novo processo - POST" time="0"/>
  <testcase name="E o o usuário informar o &quot;urgente&quot; com o valor igual a &quot;S&quot;" classname="Cenário: Criação de novo processo - POST" time="0"/>
  <testcase name="E o o usuário informar o &quot;arbitramento&quot; com o valor igual a &quot;S&quot;" classname="Cenário: Criação de novo processo - POST" time="0"/>
  <testcase name="E o o usuário informar o &quot;assistente_social&quot; com o valor igual a &quot;Agapito&quot;" classname="Cenário: Criação de novo processo - POST" time="0.002"/>
  <testcase name="E o o usuário informar o &quot;data_entrada&quot; com o valor igual a &quot;14/12/2020&quot;" classname="Cenário: Criação de novo processo - POST" time="0"/>
  <testcase name="E o o usuário informar o &quot;data_saida&quot; com o valor igual a &quot;&quot;" classname="Cenário: Criação de novo processo - POST" time="0"/>
  <testcase name="E o o usuário informar o &quot;data_agendamento&quot; com o valor igual a &quot;&quot;" classname="Cenário: Criação de novo processo - POST" time="0"/>
  <testcase name="E o o usuário informar o &quot;status&quot; com o valor igual a &quot;Aguardando&quot;" classname="Cenário: Criação de novo processo - POST" time="0"/>
  <testcase name="E o o usuário informar o &quot;observacao&quot; com o valor igual a &quot;Teste Observacao&quot;" classname="Cenário: Criação de novo processo - POST" time="0"/>
  <testcase name="Quando o usuário clicar no botão salvar" classname="Cenário: Criação de novo processo - POST" time="0"/>
  <testcase name="Então o usuário deveria ver a mensagem &quot;salvo com sucesso&quot;" classname="Cenário: Criação de novo processo - POST" time="0"/>
  <testcase name="Cenário: Criação de novo processo - POST" classname="Cenário: Criação de novo processo - POST" time="0"/>
  <testcase name="Dado que o usuario gostaria de salvar um processo" classname="Cenário: Selecao de um processo - GET" time="0"/>
  <testcase name="E o o usuário informar o &quot;vara&quot; com o valor igual a &quot;5&quot;" classname="Cenário: Selecao de um processo - GET" time="0"/>
  <testcase name="E o o usuário informar o &quot;numero_processo&quot; com o valor igual a &quot;1985851&quot;" classname="Cenário: Selecao de um processo - GET" time="0"/>
  <testcase name="E o o usuário informar o &quot;natureza&quot; com o valor igual a &quot;Criminal&quot;" classname="Cenário: Selecao de um processo - GET" time="0"/>
  <testcase name="E o o usuário informar o &quot;partes&quot; com o valor igual a &quot;Renax X Thiago&quot;" classname="Cenário: Selecao de um processo - GET" time="0"/>
  <testcase name="E o o usuário informar o &quot;urgente&quot; com o valor igual a &quot;S&quot;" classname="Cenário: Selecao de um processo - GET" time="0"/>
  <testcase name="E o o usuário informar o &quot;arbitramento&quot; com o valor igual a &quot;S&quot;" classname="Cenário: Selecao de um processo - GET" time="0"/>
  <testcase name="E o o usuário informar o &quot;assistente_social&quot; com o valor igual a &quot;Agapito&quot;" classname="Cenário: Selecao de um processo - GET" time="0"/>
  <testcase name="E o o usuário informar o &quot;data_entrada&quot; com o valor igual a &quot;14/12/2020&quot;" classname="Cenário: Selecao de um processo - GET" time="0"/>
  <testcase name="E o o usuário informar o &quot;data_saida&quot; com o valor igual a &quot;&quot;" classname="Cenário: Selecao de um processo - GET" time="0"/>
  <testcase name="E o o usuário informar o &quot;data_agendamento&quot; com o valor igual a &quot;&quot;" classname="Cenário: Selecao de um processo - GET" time="0"/>
  <testcase name="E o o usuário informar o &quot;status&quot; com o valor igual a &quot;Aguardando&quot;" classname="Cenário: Selecao de um processo - GET" time="0.002"/>
  <testcase name="E o o usuário informar o &quot;observacao&quot; com o valor igual a &quot;Teste Observacao&quot;" classname="Cenário: Selecao de um processo - GET" time="0"/>
  <testcase name="Quando o usuário clicar no botão salvar" classname="Cenário: Selecao de um processo - GET" time="0"/>
  <testcase name="Quando o usuário clicar no botão mostrar" classname="Cenário: Selecao de um processo - GET" time="0"/>
  <testcase name="Então o usuário deveria ver a mensagem &quot;sucesso&quot;" classname="Cenário: Selecao de um processo - GET" time="0"/>
  <testcase name="E o usuário visualiza o campo &quot;numero_processo&quot; com o valor &quot;1985851&quot;" classname="Cenário: Selecao de um processo - GET" time="0"/>
  <testcase name="Cenário: Selecao de um processo - GET" classname="Cenário: Selecao de um processo - GET" time="0"/>
  <testcase name="Dado que o usuario gostaria de salvar um processo" classname="Cenário: Alteração de um processo - PUT" time="0"/>
  <testcase name="E o o usuário informar o &quot;vara&quot; com o valor igual a &quot;5&quot;" classname="Cenário: Alteração de um processo - PUT" time="0"/>
  <testcase name="E o o usuário informar o &quot;numero_processo&quot; com o valor igual a &quot;1985851&quot;" classname="Cenário: Alteração de um processo - PUT" time="0"/>
  <testcase name="E o o usuário informar o &quot;natureza&quot; com o valor igual a &quot;Criminal&quot;" classname="Cenário: Alteração de um processo - PUT" time="0"/>
  <testcase name="E o o usuário informar o &quot;partes&quot; com o valor igual a &quot;Renax X Thiago&quot;" classname="Cenário: Alteração de um processo - PUT" time="0"/>
  <testcase name="E o o usuário informar o &quot;urgente&quot; com o valor igual a &quot;S&quot;" classname="Cenário: Alteração de um processo - PUT" time="0"/>
  <testcase name="E o o usuário informar o &quot;arbitramento&quot; com o valor igual a &quot;S&quot;" classname="Cenário: Alteração de um processo - PUT" time="0"/>
  <testcase name="E o o usuário informar o &quot;assistente_social&quot; com o valor igual a &quot;Agapito&quot;" classname="Cenário: Alteração de um processo - PUT" time="0"/>
  <testcase name="E o o usuário informar o &quot;data_entrada&quot; com o valor igual a &quot;14/12/2020&quot;" classname="Cenário: Alteração de um processo - PUT" time="0"/>
  <testcase name="E o o usuário informar o &quot;data_saida&quot; com o valor igual a &quot;&quot;" classname="Cenário: Alteração de um processo - PUT" time="0"/>
  <testcase name="E o o usuário informar o &quot;data_agendamento&quot; com o valor igual a &quot;&quot;" classname="Cenário: Alteração de um processo - PUT" time="0"/>
  <testcase name="E o o usuário informar o &quot;status&quot; com o valor igual a &quot;Aguardando&quot;" classname="Cenário: Alteração de um processo - PUT" time="0"/>
  <testcase name="E o o usuário informar o &quot;observacao&quot; com o valor igual a &quot;Teste Observacao&quot;" classname="Cenário: Alteração de um processo - PUT" time="0"/>
  <testcase name="Quando o usuário clicar no botão salvar" classname="Cenário: Alteração de um processo - PUT" time="0"/>
  <testcase name="E alterar o campo &quot;numero_processo&quot; para o valor &quot;3333&quot;" classname="Cenário: Alteração de um processo - PUT" time="0"/>
  <testcase name="E o usuario clicar em editar" classname="Cenário: Alteração de um processo - PUT" time="0"/>
  <testcase name="Entao o usuário deveria ver a mensagem &quot;sucesso&quot;" classname="Cenário: Alteração de um processo - PUT" time="0"/>
  <testcase name="Cenário: Alteração de um processo - PUT" classname="Cenário: Alteração de um processo - PUT" time="0.001"/>
  <testcase name="Dado que o usuario gostaria de salvar um processo" classname="Cenário: Delete de um processo - DELETE" time="0"/>
  <testcase name="E o o usuário informar o &quot;vara&quot; com o valor igual a &quot;5&quot;" classname="Cenário: Delete de um processo - DELETE" time="0"/>
  <testcase name="E o o usuário informar o &quot;numero_processo&quot; com o valor igual a &quot;1985851&quot;" classname="Cenário: Delete de um processo - DELETE" time="0"/>
  <testcase name="E o o usuário informar o &quot;natureza&quot; com o valor igual a &quot;Criminal&quot;" classname="Cenário: Delete de um processo - DELETE" time="0"/>
  <testcase name="E o o usuário informar o &quot;partes&quot; com o valor igual a &quot;Renax X Thiago&quot;" classname="Cenário: Delete de um processo - DELETE" time="0"/>
  <testcase name="E o o usuário informar o &quot;urgente&quot; com o valor igual a &quot;S&quot;" classname="Cenário: Delete de um processo - DELETE" time="0"/>
  <testcase name="E o o usuário informar o &quot;arbitramento&quot; com o valor igual a &quot;S&quot;" classname="Cenário: Delete de um processo - DELETE" time="0"/>
  <testcase name="E o o usuário informar o &quot;assistente_social&quot; com o valor igual a &quot;Agapito&quot;" classname="Cenário: Delete de um processo - DELETE" time="0"/>
  <testcase name="E o o usuário informar o &quot;data_entrada&quot; com o valor igual a &quot;14/12/2020&quot;" classname="Cenário: Delete de um processo - DELETE" time="0"/>
  <testcase name="E o o usuário informar o &quot;data_saida&quot; com o valor igual a &quot;&quot;" classname="Cenário: Delete de um processo - DELETE" time="0"/>
  <testcase name="E o o usuário informar o &quot;data_agendamento&quot; com o valor igual a &quot;&quot;" classname="Cenário: Delete de um processo - DELETE" time="0"/>
  <testcase name="E o o usuário informar o &quot;status&quot; com o valor igual a &quot;Aguardando&quot;" classname="Cenário: Delete de um processo - DELETE" time="0"/>
  <testcase name="E o o usuário informar o &quot;observacao&quot; com o valor igual a &quot;Teste Observacao&quot;" classname="Cenário: Delete de um processo - DELETE" time="0"/>
  <testcase name="Quando o usuário clicar no botão salvar" classname="Cenário: Delete de um processo - DELETE" time="0"/>
  <testcase name="E o usuario clicar em Excluir" classname="Cenário: Delete de um processo - DELETE" time="0"/>
  <testcase name="E o usuário deveria ver a mensagem &quot;no content&quot;" classname="Cenário: Delete de um processo - DELETE" time="0"/>
  <testcase name="E o usuário clicar no botão mostrar" classname="Cenário: Delete de um processo - DELETE" time="0"/>
  <testcase name="Entao o usuário deveria ver a mensagem &quot;not found&quot;" classname="Cenário: Delete de um processo - DELETE" time="0"/>
  <testcase name="Cenário: Delete de um processo - DELETE" classname="Cenário: Delete de um processo - DELETE" time="0"/>
</testsuite>